This file contains any messages produced by compilers while
running configure, to aid debugging if configure makes a mistake.

It was created by est configure 1.0.0, which was
generated by GNU Autoconf 2.69.  Invocation command line was

  $ ./configure 

## --------- ##
## Platform. ##
## --------- ##

hostname = dharkins-ThinkPad-T60
uname -m = i686
uname -r = 3.2.0-39-generic
uname -s = Linux
uname -v = #62-Ubuntu SMP Wed Feb 27 22:05:17 UTC 2013

/usr/bin/uname -p = unknown
/bin/uname -X     = unknown

/bin/arch              = unknown
/usr/bin/arch -k       = unknown
/usr/convex/getsysinfo = unknown
/usr/bin/hostinfo      = unknown
/bin/machine           = unknown
/usr/bin/oslevel       = unknown
/bin/universe          = unknown

PATH: .
PATH: /home/dharkins/bin
PATH: /sbin
PATH: /bin
PATH: /usr/sbin
PATH: /usr/local/bin
PATH: /usr/bin
PATH: /usr/games
PATH: /usr/local/netscape
PATH: /usr/local/bin
PATH: /usr/X11R6/bin
PATH: /usr/local/sbin
PATH: /home/blah/ArubaLabsSDK-Kamikazi-2008-02-R1/staging_dir_mips/bin


## ----------- ##
## Core tests. ##
## ----------- ##

configure:1927: checking for a BSD-compatible install
configure:1995: result: /usr/bin/install -c
configure:2006: checking whether build environment is sane
configure:2061: result: yes
configure:2212: checking for a thread-safe mkdir -p
configure:2251: result: /bin/mkdir -p
configure:2258: checking for gawk
configure:2288: result: no
configure:2258: checking for mawk
configure:2274: found /usr/bin/mawk
configure:2285: result: mawk
configure:2296: checking whether make sets $(MAKE)
configure:2318: result: yes
configure:2347: checking whether make supports nested variables
configure:2364: result: yes
configure:2538: checking for gcc
configure:2554: found /usr/bin/gcc
configure:2565: result: gcc
configure:2794: checking for C compiler version
configure:2803: gcc --version >&5
gcc (Ubuntu/Linaro 4.6.3-1ubuntu5) 4.6.3
Copyright (C) 2011 Free Software Foundation, Inc.
This is free software; see the source for copying conditions.  There is NO
warranty; not even for MERCHANTABILITY or FITNESS FOR A PARTICULAR PURPOSE.

configure:2814: $? = 0
configure:2803: gcc -v >&5
Using built-in specs.
COLLECT_GCC=gcc
COLLECT_LTO_WRAPPER=/usr/lib/gcc/i686-linux-gnu/4.6/lto-wrapper
Target: i686-linux-gnu
Configured with: ../src/configure -v --with-pkgversion='Ubuntu/Linaro 4.6.3-1ubuntu5' --with-bugurl=file:///usr/share/doc/gcc-4.6/README.Bugs --enable-languages=c,c++,fortran,objc,obj-c++ --prefix=/usr --program-suffix=-4.6 --enable-shared --enable-linker-build-id --with-system-zlib --libexecdir=/usr/lib --without-included-gettext --enable-threads=posix --with-gxx-include-dir=/usr/include/c++/4.6 --libdir=/usr/lib --enable-nls --with-sysroot=/ --enable-clocale=gnu --enable-libstdcxx-debug --enable-libstdcxx-time=yes --enable-gnu-unique-object --enable-plugin --enable-objc-gc --enable-targets=all --disable-werror --with-arch-32=i686 --with-tune=generic --enable-checking=release --build=i686-linux-gnu --host=i686-linux-gnu --target=i686-linux-gnu
Thread model: posix
gcc version 4.6.3 (Ubuntu/Linaro 4.6.3-1ubuntu5) 
configure:2814: $? = 0
configure:2803: gcc -V >&5
gcc: error: unrecognized option '-V'
gcc: fatal error: no input files
compilation terminated.
configure:2814: $? = 4
configure:2803: gcc -qversion >&5
gcc: error: unrecognized option '-qversion'
gcc: fatal error: no input files
compilation terminated.
configure:2814: $? = 4
configure:2834: checking whether the C compiler works
configure:2856: gcc    conftest.c  >&5
configure:2860: $? = 0
configure:2908: result: yes
configure:2911: checking for C compiler default output file name
configure:2913: result: a.out
configure:2919: checking for suffix of executables
configure:2926: gcc -o conftest    conftest.c  >&5
configure:2930: $? = 0
configure:2952: result: 
configure:2974: checking whether we are cross compiling
configure:2982: gcc -o conftest    conftest.c  >&5
configure:2986: $? = 0
configure:2993: ./conftest
configure:2997: $? = 0
configure:3012: result: no
configure:3017: checking for suffix of object files
configure:3039: gcc -c   conftest.c >&5
configure:3043: $? = 0
configure:3064: result: o
configure:3068: checking whether we are using the GNU C compiler
configure:3087: gcc -c   conftest.c >&5
configure:3087: $? = 0
configure:3096: result: yes
configure:3105: checking whether gcc accepts -g
configure:3125: gcc -c -g  conftest.c >&5
configure:3125: $? = 0
configure:3166: result: yes
configure:3183: checking for gcc option to accept ISO C89
configure:3246: gcc  -c -g -O2  conftest.c >&5
configure:3246: $? = 0
configure:3259: result: none needed
configure:3284: checking whether gcc understands -c and -o together
configure:3306: gcc -c conftest.c -o conftest2.o
configure:3309: $? = 0
configure:3306: gcc -c conftest.c -o conftest2.o
configure:3309: $? = 0
configure:3321: result: yes
configure:3349: checking for style of include used by make
configure:3377: result: GNU
configure:3403: checking dependency style of gcc
configure:3514: result: gcc3
configure:3556: checking enable-debugging
configure:3571: result: no
configure:3581: checking build system type
configure:3595: result: i686-pc-linux-gnu
configure:3615: checking host system type
configure:3628: result: i686-pc-linux-gnu
configure:3651: checking for dlopen in -ldl
configure:3676: gcc -o conftest -g -O2 -Wall -I/usr/lib/include -Wall -I/usr/local/ssl/include   -L/usr/lib/lib -L/usr/lib/lib/.libs -L/usr/local/ssl/lib -L/usr/local/ssl conftest.c -ldl   >&5
configure:3676: $? = 0
configure:3685: result: yes
configure:3701: checking for pthread_create in -lpthread
configure:3726: gcc -o conftest -g -O2 -Wall -I/usr/lib/include -Wall -I/usr/local/ssl/include   -L/usr/lib/lib -L/usr/lib/lib/.libs -L/usr/local/ssl/lib -L/usr/local/ssl conftest.c -lpthread  -ldl  >&5
configure:3726: $? = 0
configure:3735: result: yes
configure:3879: checking for X509_REQ_new in -lcrypto
configure:3904: gcc -o conftest -g -O2 -Wall -I/usr/lib/include -Wall -I/usr/local/ssl/include   -L/usr/lib/lib -L/usr/lib/lib/.libs -L/usr/local/ssl/lib -L/usr/local/ssl conftest.c -lcrypto  -lpthread -ldl  >&5
configure:3904: $? = 0
configure:3913: result: yes
configure:3929: checking for TLSv1_2_server_method in -lssl
configure:3954: gcc -o conftest -g -O2 -Wall -I/usr/lib/include -Wall -I/usr/local/ssl/include   -L/usr/lib/lib -L/usr/lib/lib/.libs -L/usr/local/ssl/lib -L/usr/local/ssl conftest.c -lssl  -lcrypto -lpthread -ldl  >&5
configure:3954: $? = 0
configure:3963: result: yes
configure:4029: checking for curl_easy_setopt in -lcurl
configure:4054: gcc -o conftest -g -O2 -Wall -I/usr/lib/include -Wall -I/usr/local/ssl/include   -L/usr/lib/lib -L/usr/lib/lib/.libs -L/usr/local/ssl/lib -L/usr/local/ssl conftest.c -lcurl  -lssl -lcrypto -lpthread -ldl  >&5
configure:4054: $? = 0
configure:4063: result: yes
configure:4080: checking whether to include TLS-pwd support
configure:4099: result: no
configure:4252: checking that generated files are newer than configure
configure:4258: result: done
configure:4281: creating ./config.status

## ---------------------- ##
## Running config.status. ##
## ---------------------- ##

This file was extended by est config.status 1.0.0, which was
generated by GNU Autoconf 2.69.  Invocation command line was

  CONFIG_FILES    = 
  CONFIG_HEADERS  = 
  CONFIG_LINKS    = 
  CONFIG_COMMANDS = 
  $ ./config.status 

on dharkins-ThinkPad-T60

config.status:786: creating Makefile
config.status:786: creating client/Makefile
config.status:786: creating server/Makefile
config.status:786: creating ca/Makefile
config.status:786: creating ecca/Makefile
config.status:958: executing depfiles commands
configure:5416: Be sure to set LD_LIBRARY_PATH appropriately

## ---------------- ##
## Cache variables. ##
## ---------------- ##

ac_cv_build=i686-pc-linux-gnu
ac_cv_c_compiler_gnu=yes
ac_cv_env_CC_set=
ac_cv_env_CC_value=
ac_cv_env_CFLAGS_set=
ac_cv_env_CFLAGS_value=
ac_cv_env_CPPFLAGS_set=
ac_cv_env_CPPFLAGS_value=
ac_cv_env_LDFLAGS_set=
ac_cv_env_LDFLAGS_value=
ac_cv_env_LIBS_set=
ac_cv_env_LIBS_value=
ac_cv_env_build_alias_set=
ac_cv_env_build_alias_value=
ac_cv_env_host_alias_set=
ac_cv_env_host_alias_value=
ac_cv_env_target_alias_set=
ac_cv_env_target_alias_value=
ac_cv_host=i686-pc-linux-gnu
ac_cv_lib_crypto_X509_REQ_new=yes
ac_cv_lib_curl_curl_easy_setopt=yes
ac_cv_lib_dl_dlopen=yes
ac_cv_lib_pthread_pthread_create=yes
ac_cv_lib_ssl_TLSv1_2_server_method=yes
ac_cv_objext=o
ac_cv_path_install='/usr/bin/install -c'
ac_cv_path_mkdir=/bin/mkdir
ac_cv_prog_AWK=mawk
ac_cv_prog_ac_ct_CC=gcc
ac_cv_prog_cc_c89=
ac_cv_prog_cc_g=yes
ac_cv_prog_make_make_set=yes
am_cv_CC_dependencies_compiler_type=gcc3
am_cv_make_support_nested_variables=yes
am_cv_prog_cc_c_o=yes

## ----------------- ##
## Output variables. ##
## ----------------- ##

ACLOCAL='${SHELL} /tmp/est-1.0.0/missing aclocal-1.14'
AMDEPBACKSLASH='\'
AMDEP_FALSE='#'
AMDEP_TRUE=''
AMTAR='$${TAR-tar}'
AM_BACKSLASH='\'
AM_DEFAULT_V='$(AM_DEFAULT_VERBOSITY)'
AM_DEFAULT_VERBOSITY='1'
AM_V='$(V)'
AUTOCONF='${SHELL} /tmp/est-1.0.0/missing autoconf'
AUTOHEADER='${SHELL} /tmp/est-1.0.0/missing autoheader'
AUTOMAKE='${SHELL} /tmp/est-1.0.0/missing automake-1.14'
AWK='mawk'
CC='gcc'
CCDEPMODE='depmode=gcc3'
CFLAGS='-g -O2 -Wall -I/usr/lib/include -Wall -I/usr/local/ssl/include'
CPPFLAGS=''
CYGPATH_W='echo'
DEFS='-DPACKAGE_NAME=\"est\" -DPACKAGE_TARNAME=\"est\" -DPACKAGE_VERSION=\"1.0.0\" -DPACKAGE_STRING=\"est\ 1.0.0\" -DPACKAGE_BUGREPORT=\"estinfo@lounge.org\" -DPACKAGE_URL=\"\" -DPACKAGE=\"est\" -DVERSION=\"1.0.0\" -DHAVE_LIBDL=1 -DHAVE_LIBPTHREAD=1 -DHAVE_LIBCRYPTO=1 -DHAVE_LIBSSL=1 -DHAVE_LIBCURL=1'
DEPDIR='.deps'
ECHO_C=''
ECHO_N='-n'
ECHO_T=''
EXEEXT=''
INSTALL_DATA='${INSTALL} -m 644'
INSTALL_PROGRAM='${INSTALL}'
INSTALL_SCRIPT='${INSTALL}'
INSTALL_STRIP_PROGRAM='$(install_sh) -c -s'
LDFLAGS=' -L/usr/lib/lib -L/usr/lib/lib/.libs -L/usr/local/ssl/lib -L/usr/local/ssl'
LIBOBJS=''
LIBS='-lcurl -lssl -lcrypto -lpthread -ldl '
LTLIBOBJS=''
MAKEINFO='${SHELL} /tmp/est-1.0.0/missing makeinfo'
MKDIR_P='/bin/mkdir -p'
OBJEXT='o'
OPENSSL_HAS_TLS_PWD=''
OPENSSL_VERSION_TLSV1=''
PACKAGE='est'
PACKAGE_BUGREPORT='estinfo@lounge.org'
PACKAGE_NAME='est'
PACKAGE_STRING='est 1.0.0'
PACKAGE_TARNAME='est'
PACKAGE_URL=''
PACKAGE_VERSION='1.0.0'
PATH_SEPARATOR=':'
SET_MAKE=''
SHELL='/bin/bash'
STRIP=''
VERSION='1.0.0'
ac_ct_CC='gcc'
am__EXEEXT_FALSE=''
am__EXEEXT_TRUE='#'
am__fastdepCC_FALSE='#'
am__fastdepCC_TRUE=''
am__include='include'
am__isrc=''
am__leading_dot='.'
am__nodep='_no'
am__quote=''
am__tar='$${TAR-tar} chof - "$$tardir"'
am__untar='$${TAR-tar} xf -'
bindir='${exec_prefix}/bin'
build='i686-pc-linux-gnu'
build_alias=''
build_cpu='i686'
build_os='linux-gnu'
build_vendor='pc'
datadir='${datarootdir}'
datarootdir='${prefix}/share'
docdir='${datarootdir}/doc/${PACKAGE_TARNAME}'
dvidir='${docdir}'
exec_prefix='${prefix}'
host='i686-pc-linux-gnu'
host_alias=''
host_cpu='i686'
host_os='linux-gnu'
host_vendor='pc'
htmldir='${docdir}'
includedir='${prefix}/include'
infodir='${datarootdir}/info'
install_sh='${SHELL} /tmp/est-1.0.0/install-sh'
libdir='${exec_prefix}/lib'
libexecdir='${exec_prefix}/libexec'
localedir='${datarootdir}/locale'
localstatedir='${prefix}/var'
mandir='${datarootdir}/man'
mkdir_p='$(MKDIR_P)'
oldincludedir='/usr/include'
pdfdir='${docdir}'
prefix='/usr/local'
program_transform_name='s,x,x,'
psdir='${docdir}'
sbindir='${exec_prefix}/sbin'
sharedstatedir='${prefix}/com'
sysconfdir='${prefix}/etc'
target_alias=''

## ----------- ##
## confdefs.h. ##
## ----------- ##

/* confdefs.h */
#define PACKAGE_NAME "est"
#define PACKAGE_TARNAME "est"
#define PACKAGE_VERSION "1.0.0"
#define PACKAGE_STRING "est 1.0.0"
#define PACKAGE_BUGREPORT "estinfo@lounge.org"
#define PACKAGE_URL ""
#define PACKAGE "est"
#define VERSION "1.0.0"
#define HAVE_LIBDL 1
#define HAVE_LIBPTHREAD 1
#define HAVE_LIBCRYPTO 1
#define HAVE_LIBSSL 1
#define HAVE_LIBCURL 1

configure: exit 0
